<?xml version="1.0" encoding="UTF-8"?>
<testng-results skipped="0" failed="1" total="5" passed="4">
  <reporter-output>
  </reporter-output>
  <suite name="Suite" duration-ms="42368" started-at="2021-01-12T16:17:12Z" finished-at="2021-01-12T16:17:55Z">
    <groups>
    </groups>
    <test name="App Testing" duration-ms="15" started-at="2021-01-12T16:17:12Z" finished-at="2021-01-12T16:17:12Z">
    </test> <!-- App Testing -->
    <test name="Validate Navigation Bar" duration-ms="40223" started-at="2021-01-12T16:17:12Z" finished-at="2021-01-12T16:17:53Z">
      <class name="Academy.E2EProject.ValidateNavBar">
        <test-method status="PASS" signature="initialize()[pri:0, instance:Academy.E2EProject.ValidateNavBar@f58853c]" name="initialize" is-config="true" duration-ms="32202" started-at="2021-01-12T21:47:12Z" finished-at="2021-01-12T21:47:45Z">
          <reporter-output>
          </reporter-output>
        </test-method> <!-- initialize -->
        <test-method status="PASS" signature="getval()[pri:0, instance:Academy.E2EProject.ValidateNavBar@f58853c]" name="getval" duration-ms="1" started-at="2021-01-12T21:47:45Z" finished-at="2021-01-12T21:47:45Z">
          <reporter-output>
          </reporter-output>
        </test-method> <!-- getval -->
        <test-method status="PASS" signature="validateNavigationBar()[pri:0, instance:Academy.E2EProject.ValidateNavBar@f58853c]" name="validateNavigationBar" duration-ms="251" started-at="2021-01-12T21:47:45Z" finished-at="2021-01-12T21:47:45Z">
          <reporter-output>
          </reporter-output>
        </test-method> <!-- validateNavigationBar -->
        <test-method status="PASS" signature="tearDown()[pri:0, instance:Academy.E2EProject.ValidateNavBar@f58853c]" name="tearDown" is-config="true" duration-ms="7747" started-at="2021-01-12T21:47:45Z" finished-at="2021-01-12T21:47:53Z">
          <reporter-output>
          </reporter-output>
        </test-method> <!-- tearDown -->
      </class> <!-- Academy.E2EProject.ValidateNavBar -->
    </test> <!-- Validate Navigation Bar -->
    <test name="Validate Title" duration-ms="40963" started-at="2021-01-12T16:17:12Z" finished-at="2021-01-12T16:17:53Z">
      <class name="Academy.E2EProject.ValidateTitle">
        <test-method status="PASS" signature="initialize()[pri:0, instance:Academy.E2EProject.ValidateTitle@22fcf7ab]" name="initialize" is-config="true" duration-ms="35792" started-at="2021-01-12T21:47:12Z" finished-at="2021-01-12T21:47:48Z">
          <reporter-output>
          </reporter-output>
        </test-method> <!-- initialize -->
        <test-method status="FAIL" signature="validateTitleOfHomePage()[pri:0, instance:Academy.E2EProject.ValidateTitle@22fcf7ab]" name="validateTitleOfHomePage" duration-ms="249" started-at="2021-01-12T21:47:48Z" finished-at="2021-01-12T21:47:48Z">
          <exception class="java.lang.AssertionError">
            <message>
              <![CDATA[expected [FEATURED COURSES123] but found [FEATURED COURSES]]]>
            </message>
            <full-stacktrace>
              <![CDATA[java.lang.AssertionError: expected [FEATURED COURSES123] but found [FEATURED COURSES]
	at org.testng.Assert.fail(Assert.java:94)
	at org.testng.Assert.failNotEquals(Assert.java:513)
	at org.testng.Assert.assertEqualsImpl(Assert.java:135)
	at org.testng.Assert.assertEquals(Assert.java:116)
	at org.testng.Assert.assertEquals(Assert.java:190)
	at org.testng.Assert.assertEquals(Assert.java:200)
	at Academy.E2EProject.ValidateTitle.validateTitleOfHomePage(ValidateTitle.java:32)
	at sun.reflect.NativeMethodAccessorImpl.invoke0(Native Method)
	at sun.reflect.NativeMethodAccessorImpl.invoke(Unknown Source)
	at sun.reflect.DelegatingMethodAccessorImpl.invoke(Unknown Source)
	at java.lang.reflect.Method.invoke(Unknown Source)
	at org.testng.internal.MethodInvocationHelper.invokeMethod(MethodInvocationHelper.java:86)
	at org.testng.internal.Invoker.invokeMethod(Invoker.java:645)
	at org.testng.internal.Invoker.invokeTestMethod(Invoker.java:822)
	at org.testng.internal.Invoker.invokeTestMethods(Invoker.java:1130)
	at org.testng.internal.TestMethodWorker.invokeTestMethods(TestMethodWorker.java:129)
	at org.testng.internal.TestMethodWorker.run(TestMethodWorker.java:112)
	at org.testng.TestRunner.privateRun(TestRunner.java:782)
	at org.testng.TestRunner.run(TestRunner.java:632)
	at org.testng.SuiteRunner.runTest(SuiteRunner.java:366)
	at org.testng.SuiteRunner.access$000(SuiteRunner.java:39)
	at org.testng.SuiteRunner$SuiteWorker.run(SuiteRunner.java:400)
	at org.testng.internal.thread.ThreadUtil$2.call(ThreadUtil.java:64)
	at java.util.concurrent.FutureTask.run(Unknown Source)
	at java.util.concurrent.ThreadPoolExecutor.runWorker(Unknown Source)
	at java.util.concurrent.ThreadPoolExecutor$Worker.run(Unknown Source)
	at java.lang.Thread.run(Unknown Source)
]]>
            </full-stacktrace>
          </exception> <!-- java.lang.AssertionError -->
          <reporter-output>
          </reporter-output>
        </test-method> <!-- validateTitleOfHomePage -->
        <test-method status="PASS" signature="tearDown()[pri:0, instance:Academy.E2EProject.ValidateTitle@22fcf7ab]" name="tearDown" is-config="true" duration-ms="2744" started-at="2021-01-12T21:47:51Z" finished-at="2021-01-12T21:47:53Z">
          <reporter-output>
          </reporter-output>
        </test-method> <!-- tearDown -->
      </class> <!-- Academy.E2EProject.ValidateTitle -->
    </test> <!-- Validate Title -->
    <test name="Validate User login" duration-ms="42359" started-at="2021-01-12T16:17:12Z" finished-at="2021-01-12T16:17:55Z">
      <class name="Academy.E2EProject.HomePage">
        <test-method status="PASS" signature="initialize()[pri:0, instance:Academy.E2EProject.HomePage@1f9f6368]" name="initialize" is-config="true" duration-ms="23165" started-at="2021-01-12T21:47:12Z" finished-at="2021-01-12T21:47:35Z">
          <reporter-output>
          </reporter-output>
        </test-method> <!-- initialize -->
        <test-method status="PASS" signature="basePageNavigation(java.lang.String, java.lang.String, java.lang.String)[pri:0, instance:Academy.E2EProject.HomePage@1f9f6368]" name="basePageNavigation" duration-ms="12728" started-at="2021-01-12T21:47:36Z" data-provider="getData" finished-at="2021-01-12T21:47:48Z">
          <params>
            <param index="0">
              <value>
                <![CDATA[nonrestricteduser@qw.com]]>
              </value>
            </param>
            <param index="1">
              <value>
                <![CDATA[123456]]>
              </value>
            </param>
            <param index="2">
              <value>
                <![CDATA[Hello1]]>
              </value>
            </param>
          </params>
          <reporter-output>
          </reporter-output>
        </test-method> <!-- basePageNavigation -->
        <test-method status="PASS" signature="basePageNavigation(java.lang.String, java.lang.String, java.lang.String)[pri:0, instance:Academy.E2EProject.HomePage@1f9f6368]" name="basePageNavigation" duration-ms="4494" started-at="2021-01-12T21:47:48Z" data-provider="getData" finished-at="2021-01-12T21:47:53Z">
          <params>
            <param index="0">
              <value>
                <![CDATA[restricteduser@qw.com]]>
              </value>
            </param>
            <param index="1">
              <value>
                <![CDATA[123456]]>
              </value>
            </param>
            <param index="2">
              <value>
                <![CDATA[Hello2]]>
              </value>
            </param>
          </params>
          <reporter-output>
          </reporter-output>
        </test-method> <!-- basePageNavigation -->
        <test-method status="PASS" signature="tearDown()[pri:0, instance:Academy.E2EProject.HomePage@1f9f6368]" name="tearDown" is-config="true" duration-ms="1125" started-at="2021-01-12T21:47:54Z" finished-at="2021-01-12T21:47:55Z">
          <reporter-output>
          </reporter-output>
        </test-method> <!-- tearDown -->
      </class> <!-- Academy.E2EProject.HomePage -->
    </test> <!-- Validate User login -->
  </suite> <!-- Suite -->
</testng-results>
